packages/admin/build/app/intermediates/manifest_merge_blame_file/debug/manifest-merger-blame-debug-report.txt
1<?xml version="1.0" encoding="utf-8"?>
2<manifest xmlns:android="http://schemas.android.com/apk/res/android"
3    package="org.growerp.admin"
4    android:versionCode="13"
5    android:versionName="0.0.2" >
6
7    <uses-sdk
8        android:minSdkVersion="16"
9        android:targetSdkVersion="29" />
10    <!--
11         Flutter needs it to communicate with the running application
12         to allow setting breakpoints, to provide hot reload, etc.
13    -->
14    <uses-permission android:name="android.permission.INTERNET" />
14-->src/main/AndroidManifest.xml:38:5-67
14-->src/main/AndroidManifest.xml:38:22-64
15    <uses-permission android:name="android.permission.ACCESS_NETWORK_STATE" />
15-->src/main/AndroidManifest.xml:39:5-79
15-->src/main/AndroidManifest.xml:39:22-76
16    <uses-permission android:name="android.permission.READ_EXTERNAL_STORAGE" />
16-->[:image_picker] AndroidManifest.xml:7:5-80
16-->[:image_picker] AndroidManifest.xml:7:22-77
17    <uses-permission android:name="android.permission.WRITE_EXTERNAL_STORAGE" />
17-->[:image_picker] AndroidManifest.xml:8:5-81
17-->[:image_picker] AndroidManifest.xml:8:22-78
18
19    <application
19-->src/main/AndroidManifest.xml:8:5-37:19
20        android:appComponentFactory="androidx.core.app.CoreComponentFactory"
20-->[androidx.core:core:1.6.0] AndroidManifest.xml:24:18-86
21        android:debuggable="true"
22        android:icon="@mipmap/launcher_icon"
22-->src/main/AndroidManifest.xml:11:9-45
23        android:label="admin"
23-->src/main/AndroidManifest.xml:10:9-30
24        android:usesCleartextTraffic="true" >
24-->src/main/AndroidManifest.xml:9:9-44
25        <activity
25-->src/main/AndroidManifest.xml:12:9-31:20
26            android:name="org.growerp.admin.MainActivity"
26-->src/main/AndroidManifest.xml:13:13-41
27            android:configChanges="orientation|keyboardHidden|keyboard|screenSize|smallestScreenSize|locale|layoutDirection|fontScale|screenLayout|density|uiMode"
27-->src/main/AndroidManifest.xml:16:13-163
28            android:hardwareAccelerated="true"
28-->src/main/AndroidManifest.xml:17:13-47
29            android:launchMode="singleTop"
29-->src/main/AndroidManifest.xml:14:13-43
30            android:theme="@style/LaunchTheme"
30-->src/main/AndroidManifest.xml:15:13-47
31            android:windowSoftInputMode="adjustResize" >
31-->src/main/AndroidManifest.xml:18:13-55
32
33            <!--
34                 Specifies an Android theme to apply to this Activity as soon as
35                 the Android process has started. This theme is visible to the user
36                 while the Flutter UI initializes. After that, this theme continues
37                 to determine the Window background behind the Flutter UI.
38            -->
39            <meta-data
39-->src/main/AndroidManifest.xml:23:13-26:17
40                android:name="io.flutter.embedding.android.NormalTheme"
40-->src/main/AndroidManifest.xml:24:15-70
41                android:resource="@style/NormalTheme" />
41-->src/main/AndroidManifest.xml:25:15-52
42
43            <intent-filter>
43-->src/main/AndroidManifest.xml:27:13-30:29
44                <action android:name="android.intent.action.MAIN" />
44-->src/main/AndroidManifest.xml:28:17-68
44-->src/main/AndroidManifest.xml:28:25-66
45
46                <category android:name="android.intent.category.LAUNCHER" />
46-->src/main/AndroidManifest.xml:29:17-76
46-->src/main/AndroidManifest.xml:29:27-74
47            </intent-filter>
48        </activity>
49        <!--
50 Don't delete the meta-data below.
51             This is used by the Flutter tool to generate GeneratedPluginRegistrant.java
52        -->
53        <meta-data
53-->src/main/AndroidManifest.xml:34:9-36:33
54            android:name="flutterEmbedding"
54-->src/main/AndroidManifest.xml:35:13-44
55            android:value="2" />
55-->src/main/AndroidManifest.xml:36:13-30
56
57        <provider
57-->[:image_picker] AndroidManifest.xml:11:9-19:20
58            android:name="io.flutter.plugins.imagepicker.ImagePickerFileProvider"
58-->[:image_picker] AndroidManifest.xml:12:13-82
59            android:authorities="org.growerp.admin.flutter.image_provider"
59-->[:image_picker] AndroidManifest.xml:13:13-74
60            android:exported="false"
60-->[:image_picker] AndroidManifest.xml:14:13-37
61            android:grantUriPermissions="true" >
61-->[:image_picker] AndroidManifest.xml:15:13-47
62            <meta-data
62-->[:image_picker] AndroidManifest.xml:16:13-18:75
63                android:name="android.support.FILE_PROVIDER_PATHS"
63-->[:image_picker] AndroidManifest.xml:17:17-67
64                android:resource="@xml/flutter_image_picker_file_paths" />
64-->[:image_picker] AndroidManifest.xml:18:17-72
65        </provider>
66        <provider
66-->[:printing] AndroidManifest.xml:8:9-16:20
67            android:name="net.nfet.flutter.printing.PrintFileProvider"
67-->[:printing] AndroidManifest.xml:9:13-71
68            android:authorities="org.growerp.admin.flutter.printing"
68-->[:printing] AndroidManifest.xml:10:13-68
69            android:exported="false"
69-->[:printing] AndroidManifest.xml:11:13-37
70            android:grantUriPermissions="true" >
70-->[:printing] AndroidManifest.xml:12:13-47
71            <meta-data
71-->[:image_picker] AndroidManifest.xml:16:13-18:75
72                android:name="android.support.FILE_PROVIDER_PATHS"
72-->[:image_picker] AndroidManifest.xml:17:17-67
73                android:resource="@xml/flutter_printing_file_paths" />
73-->[:image_picker] AndroidManifest.xml:18:17-72
74        </provider>
75
76        <activity
76-->[:url_launcher_android] AndroidManifest.xml:8:9-11:74
77            android:name="io.flutter.plugins.urllauncher.WebViewActivity"
77-->[:url_launcher_android] AndroidManifest.xml:9:13-74
78            android:exported="false"
78-->[:url_launcher_android] AndroidManifest.xml:10:13-37
79            android:theme="@android:style/Theme.NoTitleBar.Fullscreen" />
79-->[:url_launcher_android] AndroidManifest.xml:11:13-71
80    </application>
81
82</manifest>